<?xml version="1.0" encoding="UTF-8"?>
<!-- Generated by org.testng.reporters.JUnitReportReporter -->
<testsuite name="com.tester.cases.GetUserInfoTest" tests="1" time="0.000" ignored="0" failures="0" timestamp="17 Oct 2018 09:08:45 GMT" skipped="1" hostname="xxx-PC" errors="0">
  <testcase name="getUserInfo" time="0.000" classname="com.tester.cases.GetUserInfoTest">
    <skipped/>
  </testcase> <!-- getUserInfo -->
</testsuite> <!-- com.tester.cases.GetUserInfoTest -->
