<?xml version="1.0" encoding="UTF-8"?>
<!-- Generated by org.testng.reporters.JUnitReportReporter -->
<testsuite name="com.tester.cases.GetUserInfoListTest" tests="1" time="0.000" ignored="0" failures="0" timestamp="17 Oct 2018 09:08:44 GMT" skipped="1" hostname="xxx-PC" errors="0">
  <testcase name="getUserListInfo" time="0.000" classname="com.tester.cases.GetUserInfoListTest">
    <skipped/>
  </testcase> <!-- getUserListInfo -->
</testsuite> <!-- com.tester.cases.GetUserInfoListTest -->
