<?xml version="1.0" encoding="UTF-8"?>
<!-- Generated by org.testng.reporters.JUnitReportReporter -->
<testsuite name="com.tester.cases.UpdateUserInfoTest" tests="2" time="0.000" ignored="0" failures="0" timestamp="17 Oct 2018 09:08:44 GMT" skipped="2" hostname="xxx-PC" errors="0">
  <testcase name="deleteUser" time="0.000" classname="com.tester.cases.UpdateUserInfoTest">
    <skipped/>
  </testcase> <!-- deleteUser -->
  <testcase name="updateUserInfo" time="0.000" classname="com.tester.cases.UpdateUserInfoTest">
    <skipped/>
  </testcase> <!-- updateUserInfo -->
</testsuite> <!-- com.tester.cases.UpdateUserInfoTest -->
